F:\faceGraphTask\gallery\gallery\galleryTask\dist\out-tsc\e2e\src\app.po.js
F:\faceGraphTask\gallery\gallery\galleryTask\dist\out-tsc\e2e\src\app.po.js.map
F:\faceGraphTask\gallery\gallery\galleryTask\dist\out-tsc\e2e\src\app.e2e-spec.js
F:\faceGraphTask\gallery\gallery\galleryTask\dist\out-tsc\e2e\src\app.e2e-spec.js.map
F:\faceGraphTask\gallery\gallery\galleryTask\dist\out-tsc\src\app\shared\services\ajax-request.service.js
F:\faceGraphTask\gallery\gallery\galleryTask\dist\out-tsc\src\app\shared\services\ajax-request.service.js.map
F:\faceGraphTask\gallery\gallery\galleryTask\dist\out-tsc\src\app\components\images\services\images.service.js
F:\faceGraphTask\gallery\gallery\galleryTask\dist\out-tsc\src\app\components\images\services\images.service.js.map
F:\faceGraphTask\gallery\gallery\galleryTask\dist\out-tsc\src\app\shared\components\confirm-dialog\confirm-dialog.service.js
F:\faceGraphTask\gallery\gallery\galleryTask\dist\out-tsc\src\app\shared\components\confirm-dialog\confirm-dialog.service.js.map
F:\faceGraphTask\gallery\gallery\galleryTask\dist\out-tsc\src\app\components\images\image-list\image-list.component.js
F:\faceGraphTask\gallery\gallery\galleryTask\dist\out-tsc\src\app\components\images\image-list\image-list.component.js.map
F:\faceGraphTask\gallery\gallery\galleryTask\dist\out-tsc\src\app\app-routing.module.js
F:\faceGraphTask\gallery\gallery\galleryTask\dist\out-tsc\src\app\app-routing.module.js.map
F:\faceGraphTask\gallery\gallery\galleryTask\dist\out-tsc\src\app\app.component.js
F:\faceGraphTask\gallery\gallery\galleryTask\dist\out-tsc\src\app\app.component.js.map
F:\faceGraphTask\gallery\gallery\galleryTask\dist\out-tsc\src\app\components\images\images.module.js
F:\faceGraphTask\gallery\gallery\galleryTask\dist\out-tsc\src\app\components\images\images.module.js.map
F:\faceGraphTask\gallery\gallery\galleryTask\dist\out-tsc\src\app\shared\components\confirm-dialog\components\confirm-dialog.component.js
F:\faceGraphTask\gallery\gallery\galleryTask\dist\out-tsc\src\app\shared\components\confirm-dialog\components\confirm-dialog.component.js.map
F:\faceGraphTask\gallery\gallery\galleryTask\dist\out-tsc\src\app\shared\components\confirm-dialog\confirm-dialog.module.js
F:\faceGraphTask\gallery\gallery\galleryTask\dist\out-tsc\src\app\shared\components\confirm-dialog\confirm-dialog.module.js.map
F:\faceGraphTask\gallery\gallery\galleryTask\dist\out-tsc\src\app\app.module.js
F:\faceGraphTask\gallery\gallery\galleryTask\dist\out-tsc\src\app\app.module.js.map
F:\faceGraphTask\gallery\gallery\galleryTask\dist\out-tsc\src\environments\environment.js
F:\faceGraphTask\gallery\gallery\galleryTask\dist\out-tsc\src\environments\environment.js.map
F:\faceGraphTask\gallery\gallery\galleryTask\dist\out-tsc\src\main.js
F:\faceGraphTask\gallery\gallery\galleryTask\dist\out-tsc\src\main.js.map
F:\faceGraphTask\gallery\gallery\galleryTask\dist\out-tsc\src\polyfills.js
F:\faceGraphTask\gallery\gallery\galleryTask\dist\out-tsc\src\polyfills.js.map
F:\faceGraphTask\gallery\gallery\galleryTask\dist\out-tsc\src\test.js
F:\faceGraphTask\gallery\gallery\galleryTask\dist\out-tsc\src\test.js.map
F:\faceGraphTask\gallery\gallery\galleryTask\dist\out-tsc\src\app\shared\services\pager.service.js
F:\faceGraphTask\gallery\gallery\galleryTask\dist\out-tsc\src\app\shared\services\pager.service.js.map
F:\faceGraphTask\gallery\gallery\galleryTask\dist\out-tsc\src\environments\environment.prod.js
F:\faceGraphTask\gallery\gallery\galleryTask\dist\out-tsc\src\environments\environment.prod.js.map
